<?xml version="1.0" encoding="UTF-8"?>
<!-- Generated by org.testng.reporters.JUnitReportReporter -->
<testsuite hostname="GCS-LT-210" failures="0" tests="1" name="gcs.TimeSheets" time="14.397" errors="0" timestamp="2023-09-08T14:53:11 IST" skipped="0">
  <testcase classname="gcs.TimeSheets" name="GSE" time="14.397"/>
</testsuite> <!-- gcs.TimeSheets -->
